<?xml version="1.0" encoding="UTF-8"?>
<testsuites name="Test Suite 1" time="23" tests="1" failures="0" errors="0">
   <testsuite name="Test Suite 1" tests="1" failures="0" errors="0" time="23" timestamp="2018-05-10 17:50:27" hostname="thanakan_t - 10.80.148.103" id="Test Suites/Test Suite 1">
      <properties>
         <property name="deviceName" value=""/>
         <property name="devicePlatform" value=""/>
         <property name="logFolder" value="C:\\Users\\thanakan_t\\git\\234Project-TestVer2\\Reports\\Test Suite 1\\20180510_175025"/>
         <property name="logFiles" value="C:\\Users\\thanakan_t\\git\\234Project-TestVer2\\Reports\\Test Suite 1\\20180510_175025\\execution0.log"/>
         <property name="attachments" value=""/>
         <property name="hostName" value="thanakan_t - 10.80.148.103"/>
         <property name="os" value="Windows 10 64bit"/>
         <property name="katalonVersion" value="5.4.1.1"/>
         <property name="browser" value="Chrome 66.0.3359.139"/>
         <property name="hostAddress" value="10.80.148.103"/>
         <property name="sessionId" value="caad071be8ece25130947befdc7a15cc"/>
         <property name="seleniumVersion" value="3.7.1"/>
         <property name="proxyInformation" value="ProxyInformation{proxyOption=NO_PROXY, proxyServerType=HTTP, password=, proxyServerAddress=, proxyServerPort=0}"/>
         <property name="platform" value="Windows 10"/>
      </properties>
      <testcase name="Test Cases/Create a transaction-Test" classname="Test Cases/Create a transaction-Test" status="PASSED">
         <system-out><![CDATA[2018-05-10 17:50:27 - [TEST_CASE][PASSED] - Test Cases/Create a transaction-Test: Test Cases/Create a transaction-Test

2018-05-10 17:50:28 - [TEST_STEP][PASSED] - openBrowser: Browser is opened with url: ''

2018-05-10 17:50:32 - [MESSAGE][PASSED] - Browser is opened with url: ''

2018-05-10 17:50:32 - [TEST_STEP][PASSED] - navigateToUrl: Navigate to 'http://34.223.223.31:8091/' successfully

2018-05-10 17:50:45 - [MESSAGE][PASSED] - Navigate to 'http://34.223.223.31:8091/' successfully

2018-05-10 17:50:45 - [TEST_STEP][PASSED] - setText: Text 'user' is set on object 'Object Repository/For test case create a transaction/Page_ProjectBackend/input_username'

2018-05-10 17:50:45 - [MESSAGE][PASSED] - Text 'user' is set on object 'Object Repository/For test case create a transaction/Page_ProjectBackend/input_username'

2018-05-10 17:50:45 - [TEST_STEP][PASSED] - setText: Text 'user' is set on object 'Object Repository/For test case create a transaction/Page_ProjectBackend/input_password'

2018-05-10 17:50:45 - [MESSAGE][PASSED] - Text 'user' is set on object 'Object Repository/For test case create a transaction/Page_ProjectBackend/input_password'

2018-05-10 17:50:45 - [TEST_STEP][PASSED] - click: Object: 'Object Repository/For test case create a transaction/Page_ProjectBackend/button_Login' is clicked on

2018-05-10 17:50:45 - [MESSAGE][PASSED] - Object: 'Object Repository/For test case create a transaction/Page_ProjectBackend/button_Login' is clicked on

2018-05-10 17:50:45 - [TEST_STEP][PASSED] - verifyElementText: Actual text and expected text of test object 'Object Repository/For test case create a transaction/Page_ProjectBackend/h5_Garden' are matched.

2018-05-10 17:50:47 - [MESSAGE][PASSED] - Actual text and expected text of test object 'Object Repository/For test case create a transaction/Page_ProjectBackend/h5_Garden' are matched.

2018-05-10 17:50:47 - [TEST_STEP][PASSED] - click: Object: 'Object Repository/For test case create a transaction/Page_ProjectBackend/button_add to cart' is clicked on

2018-05-10 17:50:47 - [MESSAGE][PASSED] - Object: 'Object Repository/For test case create a transaction/Page_ProjectBackend/button_add to cart' is clicked on

2018-05-10 17:50:47 - [TEST_STEP][PASSED] - verifyElementText: Actual text and expected text of test object 'Object Repository/For test case create a transaction/Page_ProjectBackend/h5_Banana' are matched.

2018-05-10 17:50:47 - [MESSAGE][PASSED] - Actual text and expected text of test object 'Object Repository/For test case create a transaction/Page_ProjectBackend/h5_Banana' are matched.

2018-05-10 17:50:47 - [TEST_STEP][PASSED] - click: Object: 'Object Repository/For test case create a transaction/Page_ProjectBackend/button_add to cart' is clicked on

2018-05-10 17:50:48 - [MESSAGE][PASSED] - Object: 'Object Repository/For test case create a transaction/Page_ProjectBackend/button_add to cart' is clicked on

2018-05-10 17:50:48 - [TEST_STEP][PASSED] - verifyElementText: Actual text and expected text of test object 'Object Repository/For test case create a transaction/Page_ProjectBackend/h5_Orange' are matched.

2018-05-10 17:50:48 - [MESSAGE][PASSED] - Actual text and expected text of test object 'Object Repository/For test case create a transaction/Page_ProjectBackend/h5_Orange' are matched.

2018-05-10 17:50:48 - [TEST_STEP][PASSED] - click: Object: 'Object Repository/For test case create a transaction/Page_ProjectBackend/button_add to cart' is clicked on

2018-05-10 17:50:48 - [MESSAGE][PASSED] - Object: 'Object Repository/For test case create a transaction/Page_ProjectBackend/button_add to cart' is clicked on

2018-05-10 17:50:48 - [TEST_STEP][PASSED] - verifyElementText: Actual text and expected text of test object 'Object Repository/For test case create a transaction/Page_ProjectBackend/h5_Papaya' are matched.

2018-05-10 17:50:48 - [MESSAGE][PASSED] - Actual text and expected text of test object 'Object Repository/For test case create a transaction/Page_ProjectBackend/h5_Papaya' are matched.

2018-05-10 17:50:48 - [TEST_STEP][PASSED] - click: Object: 'Object Repository/For test case create a transaction/Page_ProjectBackend/button_add to cart' is clicked on

2018-05-10 17:50:48 - [MESSAGE][PASSED] - Object: 'Object Repository/For test case create a transaction/Page_ProjectBackend/button_add to cart' is clicked on

2018-05-10 17:50:48 - [TEST_STEP][PASSED] - verifyElementText: Actual text and expected text of test object 'Object Repository/For test case create a transaction/Page_ProjectBackend/h5_Rambutan' are matched.

2018-05-10 17:50:48 - [MESSAGE][PASSED] - Actual text and expected text of test object 'Object Repository/For test case create a transaction/Page_ProjectBackend/h5_Rambutan' are matched.

2018-05-10 17:50:48 - [TEST_STEP][PASSED] - click: Object: 'Object Repository/For test case create a transaction/Page_ProjectBackend/button_add to cart' is clicked on

2018-05-10 17:50:48 - [MESSAGE][PASSED] - Object: 'Object Repository/For test case create a transaction/Page_ProjectBackend/button_add to cart' is clicked on

2018-05-10 17:50:48 - [TEST_STEP][PASSED] - click: Object: 'Object Repository/For test case create a transaction/Page_ProjectBackend/a_Carts            5' is clicked on

2018-05-10 17:50:48 - [MESSAGE][PASSED] - Object: 'Object Repository/For test case create a transaction/Page_ProjectBackend/a_Carts            5' is clicked on

2018-05-10 17:50:48 - [TEST_STEP][PASSED] - verifyElementText: Actual text and expected text of test object 'Object Repository/For test case create a transaction/Page_ProjectBackend/td_Garden' are matched.

2018-05-10 17:50:48 - [MESSAGE][PASSED] - Actual text and expected text of test object 'Object Repository/For test case create a transaction/Page_ProjectBackend/td_Garden' are matched.

2018-05-10 17:50:48 - [TEST_STEP][PASSED] - verifyElementText: Actual text and expected text of test object 'Object Repository/For test case create a transaction/Page_ProjectBackend/td_20000 THB' are matched.

2018-05-10 17:50:48 - [MESSAGE][PASSED] - Actual text and expected text of test object 'Object Repository/For test case create a transaction/Page_ProjectBackend/td_20000 THB' are matched.

2018-05-10 17:50:48 - [TEST_STEP][PASSED] - setText: Text '3' is set on object 'Object Repository/For test case create a transaction/Page_ProjectBackend/input_amount'

2018-05-10 17:50:48 - [MESSAGE][PASSED] - Text '3' is set on object 'Object Repository/For test case create a transaction/Page_ProjectBackend/input_amount'

2018-05-10 17:50:48 - [TEST_STEP][PASSED] - verifyElementText: Actual text and expected text of test object 'Object Repository/For test case create a transaction/Page_ProjectBackend/td_Banana' are matched.

2018-05-10 17:50:49 - [MESSAGE][PASSED] - Actual text and expected text of test object 'Object Repository/For test case create a transaction/Page_ProjectBackend/td_Banana' are matched.

2018-05-10 17:50:49 - [TEST_STEP][PASSED] - verifyElementText: Actual text and expected text of test object 'Object Repository/For test case create a transaction/Page_ProjectBackend/td_150 THB' are matched.

2018-05-10 17:50:49 - [MESSAGE][PASSED] - Actual text and expected text of test object 'Object Repository/For test case create a transaction/Page_ProjectBackend/td_150 THB' are matched.

2018-05-10 17:50:49 - [TEST_STEP][PASSED] - verifyElementText: Actual text and expected text of test object 'Object Repository/For test case create a transaction/Page_ProjectBackend/td_Orange' are matched.

2018-05-10 17:50:49 - [MESSAGE][PASSED] - Actual text and expected text of test object 'Object Repository/For test case create a transaction/Page_ProjectBackend/td_Orange' are matched.

2018-05-10 17:50:49 - [TEST_STEP][PASSED] - verifyElementText: Actual text and expected text of test object 'Object Repository/For test case create a transaction/Page_ProjectBackend/td_280 THB' are matched.

2018-05-10 17:50:49 - [MESSAGE][PASSED] - Actual text and expected text of test object 'Object Repository/For test case create a transaction/Page_ProjectBackend/td_280 THB' are matched.

2018-05-10 17:50:49 - [TEST_STEP][PASSED] - verifyElementText: Actual text and expected text of test object 'Object Repository/For test case create a transaction/Page_ProjectBackend/td_Papaya' are matched.

2018-05-10 17:50:49 - [MESSAGE][PASSED] - Actual text and expected text of test object 'Object Repository/For test case create a transaction/Page_ProjectBackend/td_Papaya' are matched.

2018-05-10 17:50:49 - [TEST_STEP][PASSED] - verifyElementText: Actual text and expected text of test object 'Object Repository/For test case create a transaction/Page_ProjectBackend/td_12 THB' are matched.

2018-05-10 17:50:49 - [MESSAGE][PASSED] - Actual text and expected text of test object 'Object Repository/For test case create a transaction/Page_ProjectBackend/td_12 THB' are matched.

2018-05-10 17:50:49 - [TEST_STEP][PASSED] - verifyElementText: Actual text and expected text of test object 'Object Repository/For test case create a transaction/Page_ProjectBackend/td_Rambutan' are matched.

2018-05-10 17:50:49 - [MESSAGE][PASSED] - Actual text and expected text of test object 'Object Repository/For test case create a transaction/Page_ProjectBackend/td_Rambutan' are matched.

2018-05-10 17:50:49 - [TEST_STEP][PASSED] - verifyElementText: Actual text and expected text of test object 'Object Repository/For test case create a transaction/Page_ProjectBackend/td_20 THB' are matched.

2018-05-10 17:50:49 - [MESSAGE][PASSED] - Actual text and expected text of test object 'Object Repository/For test case create a transaction/Page_ProjectBackend/td_20 THB' are matched.

2018-05-10 17:50:49 - [TEST_STEP][PASSED] - verifyElementText: Actual text and expected text of test object 'Object Repository/For test case create a transaction/Page_ProjectBackend/p_Total price  60462 THB' are matched.

2018-05-10 17:50:49 - [MESSAGE][PASSED] - Actual text and expected text of test object 'Object Repository/For test case create a transaction/Page_ProjectBackend/p_Total price  60462 THB' are matched.

2018-05-10 17:50:49 - [TEST_STEP][PASSED] - click: Object: 'Object Repository/For test case create a transaction/Page_ProjectBackend/button_confirm' is clicked on

2018-05-10 17:50:49 - [MESSAGE][PASSED] - Object: 'Object Repository/For test case create a transaction/Page_ProjectBackend/button_confirm' is clicked on

2018-05-10 17:50:49 - [TEST_STEP][PASSED] - closeBrowser: Browser is closed

2018-05-10 17:50:50 - [MESSAGE][PASSED] - Browser is closed]]></system-out>
         <system-err><![CDATA[]]></system-err>
      </testcase>
      <system-out><![CDATA[2018-05-10 17:50:27 - [TEST_SUITE][PASSED] - Test Suite 1: Test Cases/Create a transaction-Test]]></system-out>
      <system-err><![CDATA[]]></system-err>
   </testsuite>
</testsuites>
